[2026-06-21T20:12:05.282+0000] {local_task_job_runner.py:120} INFO - ::group::Pre task execution logs
[2026-06-21T20:12:05.379+0000] {taskinstance.py:2076} INFO - Dependencies all met for dep_context=non-requeueable deps ti=<TaskInstance: 2_batch_inference.run_model_inference manual__2026-06-21T20:12:01.231258+00:00 [queued]>
[2026-06-21T20:12:05.394+0000] {taskinstance.py:2076} INFO - Dependencies all met for dep_context=requeueable deps ti=<TaskInstance: 2_batch_inference.run_model_inference manual__2026-06-21T20:12:01.231258+00:00 [queued]>
[2026-06-21T20:12:05.396+0000] {taskinstance.py:2306} INFO - Starting attempt 1 of 1
[2026-06-21T20:12:05.419+0000] {taskinstance.py:2330} INFO - Executing <Task(PythonOperator): run_model_inference> on 2026-06-21 20:12:01.231258+00:00
[2026-06-21T20:12:05.448+0000] {standard_task_runner.py:64} INFO - Started process 553 to run task
[2026-06-21T20:12:05.491+0000] {standard_task_runner.py:90} INFO - Running: ['***', 'tasks', 'run', '2_batch_inference', 'run_model_inference', 'manual__2026-06-21T20:12:01.231258+00:00', '--job-id', '10', '--raw', '--subdir', 'DAGS_FOLDER/inference_dag.py', '--cfg-path', '/tmp/tmpaf72pjyu']
[2026-06-21T20:12:05.520+0000] {standard_task_runner.py:91} INFO - Job 10: Subtask run_model_inference
[2026-06-21T20:12:05.849+0000] {task_command.py:426} INFO - Running <TaskInstance: 2_batch_inference.run_model_inference manual__2026-06-21T20:12:01.231258+00:00 [running]> on host 224ce12117fd
[2026-06-21T20:12:06.067+0000] {taskinstance.py:2648} INFO - Exporting env vars: AIRFLOW_CTX_DAG_OWNER='***' AIRFLOW_CTX_DAG_ID='2_batch_inference' AIRFLOW_CTX_TASK_ID='run_model_inference' AIRFLOW_CTX_EXECUTION_DATE='2026-06-21T20:12:01.231258+00:00' AIRFLOW_CTX_TRY_NUMBER='1' AIRFLOW_CTX_DAG_RUN_ID='manual__2026-06-21T20:12:01.231258+00:00'
[2026-06-21T20:12:06.072+0000] {taskinstance.py:430} INFO - ::endgroup::
[2026-06-21T20:12:06.129+0000] {logging_mixin.py:188} INFO - Loading preprocessed data...
[2026-06-21T20:12:06.135+0000] {taskinstance.py:441} INFO - ::group::Post task execution logs
[2026-06-21T20:12:06.138+0000] {taskinstance.py:2905} ERROR - Task failed with exception
Traceback (most recent call last):
  File "/home/airflow/.local/lib/python3.11/site-packages/airflow/models/taskinstance.py", line 465, in _execute_task
    result = _execute_callable(context=context, **execute_callable_kwargs)
             ^^^^^^^^^^^^^^^^^^^^^^^^^^^^^^^^^^^^^^^^^^^^^^^^^^^^^^^^^^^^^
  File "/home/airflow/.local/lib/python3.11/site-packages/airflow/models/taskinstance.py", line 432, in _execute_callable
    return execute_callable(context=context, **execute_callable_kwargs)
           ^^^^^^^^^^^^^^^^^^^^^^^^^^^^^^^^^^^^^^^^^^^^^^^^^^^^^^^^^^^^
  File "/home/airflow/.local/lib/python3.11/site-packages/airflow/models/baseoperator.py", line 401, in wrapper
    return func(self, *args, **kwargs)
           ^^^^^^^^^^^^^^^^^^^^^^^^^^^
  File "/home/airflow/.local/lib/python3.11/site-packages/airflow/operators/python.py", line 235, in execute
    return_value = self.execute_callable()
                   ^^^^^^^^^^^^^^^^^^^^^^^
  File "/home/airflow/.local/lib/python3.11/site-packages/airflow/operators/python.py", line 252, in execute_callable
    return self.python_callable(*self.op_args, **self.op_kwargs)
           ^^^^^^^^^^^^^^^^^^^^^^^^^^^^^^^^^^^^^^^^^^^^^^^^^^^^^
  File "/opt/airflow/dags/inference_dag.py", line 10, in trigger_fastapi_predictions
    df = pd.read_csv("/opt/airflow/data/processed/final.csv")
         ^^^^^^^^^^^^^^^^^^^^^^^^^^^^^^^^^^^^^^^^^^^^^^^^^^^^
  File "/home/airflow/.local/lib/python3.11/site-packages/pandas/io/parsers/readers.py", line 948, in read_csv
    return _read(filepath_or_buffer, kwds)
           ^^^^^^^^^^^^^^^^^^^^^^^^^^^^^^^
  File "/home/airflow/.local/lib/python3.11/site-packages/pandas/io/parsers/readers.py", line 611, in _read
    parser = TextFileReader(filepath_or_buffer, **kwds)
             ^^^^^^^^^^^^^^^^^^^^^^^^^^^^^^^^^^^^^^^^^^
  File "/home/airflow/.local/lib/python3.11/site-packages/pandas/io/parsers/readers.py", line 1448, in __init__
    self._engine = self._make_engine(f, self.engine)
                   ^^^^^^^^^^^^^^^^^^^^^^^^^^^^^^^^^
  File "/home/airflow/.local/lib/python3.11/site-packages/pandas/io/parsers/readers.py", line 1705, in _make_engine
    self.handles = get_handle(
                   ^^^^^^^^^^^
  File "/home/airflow/.local/lib/python3.11/site-packages/pandas/io/common.py", line 863, in get_handle
    handle = open(
             ^^^^^
FileNotFoundError: [Errno 2] No such file or directory: '/opt/airflow/data/processed/final.csv'
[2026-06-21T20:12:06.170+0000] {taskinstance.py:1206} INFO - Marking task as FAILED. dag_id=2_batch_inference, task_id=run_model_inference, run_id=manual__2026-06-21T20:12:01.231258+00:00, execution_date=20260621T201201, start_date=20260621T201205, end_date=20260621T201206
[2026-06-21T20:12:06.200+0000] {standard_task_runner.py:110} ERROR - Failed to execute job 10 for task run_model_inference ([Errno 2] No such file or directory: '/opt/airflow/data/processed/final.csv'; 553)
[2026-06-21T20:12:06.266+0000] {local_task_job_runner.py:243} INFO - Task exited with return code 1
[2026-06-21T20:12:06.294+0000] {taskinstance.py:3503} INFO - 0 downstream tasks scheduled from follow-on schedule check
[2026-06-21T20:12:06.298+0000] {local_task_job_runner.py:222} INFO - ::endgroup::
