[2026-06-21T20:08:16.556+0000] {local_task_job_runner.py:120} INFO - ::group::Pre task execution logs
[2026-06-21T20:08:16.594+0000] {taskinstance.py:2076} INFO - Dependencies all met for dep_context=non-requeueable deps ti=<TaskInstance: 5_auto_retraining_controller.evaluate_model_degradation manual__2026-06-21T20:08:13.982591+00:00 [queued]>
[2026-06-21T20:08:16.606+0000] {taskinstance.py:2076} INFO - Dependencies all met for dep_context=requeueable deps ti=<TaskInstance: 5_auto_retraining_controller.evaluate_model_degradation manual__2026-06-21T20:08:13.982591+00:00 [queued]>
[2026-06-21T20:08:16.608+0000] {taskinstance.py:2306} INFO - Starting attempt 1 of 1
[2026-06-21T20:08:16.625+0000] {taskinstance.py:2330} INFO - Executing <Task(BranchPythonOperator): evaluate_model_degradation> on 2026-06-21 20:08:13.982591+00:00
[2026-06-21T20:08:16.636+0000] {standard_task_runner.py:64} INFO - Started process 419 to run task
[2026-06-21T20:08:16.640+0000] {standard_task_runner.py:90} INFO - Running: ['***', 'tasks', 'run', '5_auto_retraining_controller', 'evaluate_model_degradation', 'manual__2026-06-21T20:08:13.982591+00:00', '--job-id', '4', '--raw', '--subdir', 'DAGS_FOLDER/auto_retrain_dag.py', '--cfg-path', '/tmp/tmp08y_l39l']
[2026-06-21T20:08:16.643+0000] {standard_task_runner.py:91} INFO - Job 4: Subtask evaluate_model_degradation
[2026-06-21T20:08:16.723+0000] {task_command.py:426} INFO - Running <TaskInstance: 5_auto_retraining_controller.evaluate_model_degradation manual__2026-06-21T20:08:13.982591+00:00 [running]> on host 224ce12117fd
[2026-06-21T20:08:16.824+0000] {taskinstance.py:2648} INFO - Exporting env vars: AIRFLOW_CTX_DAG_OWNER='***' AIRFLOW_CTX_DAG_ID='5_auto_retraining_controller' AIRFLOW_CTX_TASK_ID='evaluate_model_degradation' AIRFLOW_CTX_EXECUTION_DATE='2026-06-21T20:08:13.982591+00:00' AIRFLOW_CTX_TRY_NUMBER='1' AIRFLOW_CTX_DAG_RUN_ID='manual__2026-06-21T20:08:13.982591+00:00'
[2026-06-21T20:08:16.825+0000] {taskinstance.py:430} INFO - ::endgroup::
[2026-06-21T20:08:16.841+0000] {baseoperator.py:400} WARNING - BranchPythonOperator.execute cannot be called outside TaskInstance!
[2026-06-21T20:08:17.157+0000] {python.py:237} INFO - Done. Returned value was: trigger_retraining_pipeline
[2026-06-21T20:08:17.159+0000] {branch.py:36} INFO - Branch into trigger_retraining_pipeline
[2026-06-21T20:08:17.160+0000] {skipmixin.py:178} INFO - Following branch trigger_retraining_pipeline
[2026-06-21T20:08:17.186+0000] {skipmixin.py:246} INFO - Skipping tasks [('model_is_healthy', -1)]
[2026-06-21T20:08:17.216+0000] {taskinstance.py:441} INFO - ::group::Post task execution logs
[2026-06-21T20:08:17.248+0000] {taskinstance.py:1206} INFO - Marking task as SUCCESS. dag_id=5_auto_retraining_controller, task_id=evaluate_model_degradation, run_id=manual__2026-06-21T20:08:13.982591+00:00, execution_date=20260621T200813, start_date=20260621T200816, end_date=20260621T200817
[2026-06-21T20:08:17.297+0000] {local_task_job_runner.py:243} INFO - Task exited with return code 0
[2026-06-21T20:08:17.331+0000] {taskinstance.py:3503} INFO - 1 downstream tasks scheduled from follow-on schedule check
[2026-06-21T20:08:17.334+0000] {local_task_job_runner.py:222} INFO - ::endgroup::
