[2026-06-21T20:03:06.961+0000] {processor.py:161} INFO - Started process (PID=186) to work on /opt/airflow/dags/auto_retrain_dag.py
[2026-06-21T20:03:06.968+0000] {processor.py:830} INFO - Processing file /opt/airflow/dags/auto_retrain_dag.py for tasks to queue
[2026-06-21T20:03:06.975+0000] {logging_mixin.py:188} INFO - [2026-06-21T20:03:06.973+0000] {dagbag.py:545} INFO - Filling up the DagBag from /opt/airflow/dags/auto_retrain_dag.py
[2026-06-21T20:03:07.052+0000] {processor.py:840} INFO - DAG(s) '5_auto_retraining_controller' retrieved from /opt/airflow/dags/auto_retrain_dag.py
[2026-06-21T20:03:07.437+0000] {logging_mixin.py:188} INFO - [2026-06-21T20:03:07.433+0000] {override.py:1858} INFO - Created Permission View: can delete on DAG:5_auto_retraining_controller
[2026-06-21T20:03:07.454+0000] {logging_mixin.py:188} INFO - [2026-06-21T20:03:07.453+0000] {override.py:1858} INFO - Created Permission View: can edit on DAG:5_auto_retraining_controller
[2026-06-21T20:03:07.467+0000] {logging_mixin.py:188} INFO - [2026-06-21T20:03:07.466+0000] {override.py:1858} INFO - Created Permission View: can read on DAG:5_auto_retraining_controller
[2026-06-21T20:03:07.468+0000] {logging_mixin.py:188} INFO - [2026-06-21T20:03:07.468+0000] {dag.py:3089} INFO - Sync 1 DAGs
[2026-06-21T20:03:07.484+0000] {logging_mixin.py:188} INFO - [2026-06-21T20:03:07.484+0000] {dag.py:3111} INFO - Creating ORM DAG for 5_auto_retraining_controller
[2026-06-21T20:03:07.508+0000] {logging_mixin.py:188} INFO - [2026-06-21T20:03:07.507+0000] {dag.py:3947} INFO - Setting next_dagrun for 5_auto_retraining_controller to 2026-06-21 00:00:00+00:00, run_after=2026-06-22 00:00:00+00:00
[2026-06-21T20:03:07.538+0000] {processor.py:183} INFO - Processing /opt/airflow/dags/auto_retrain_dag.py took 0.586 seconds
[2026-06-21T20:03:38.035+0000] {processor.py:161} INFO - Started process (PID=208) to work on /opt/airflow/dags/auto_retrain_dag.py
[2026-06-21T20:03:38.037+0000] {processor.py:830} INFO - Processing file /opt/airflow/dags/auto_retrain_dag.py for tasks to queue
[2026-06-21T20:03:38.041+0000] {logging_mixin.py:188} INFO - [2026-06-21T20:03:38.040+0000] {dagbag.py:545} INFO - Filling up the DagBag from /opt/airflow/dags/auto_retrain_dag.py
[2026-06-21T20:03:38.069+0000] {processor.py:840} INFO - DAG(s) '5_auto_retraining_controller' retrieved from /opt/airflow/dags/auto_retrain_dag.py
[2026-06-21T20:03:38.105+0000] {logging_mixin.py:188} INFO - [2026-06-21T20:03:38.105+0000] {dag.py:3089} INFO - Sync 1 DAGs
[2026-06-21T20:03:38.147+0000] {logging_mixin.py:188} INFO - [2026-06-21T20:03:38.147+0000] {dag.py:3947} INFO - Setting next_dagrun for 5_auto_retraining_controller to 2026-06-21 00:00:00+00:00, run_after=2026-06-22 00:00:00+00:00
[2026-06-21T20:03:38.183+0000] {processor.py:183} INFO - Processing /opt/airflow/dags/auto_retrain_dag.py took 0.156 seconds
[2026-06-21T20:04:08.331+0000] {processor.py:161} INFO - Started process (PID=234) to work on /opt/airflow/dags/auto_retrain_dag.py
[2026-06-21T20:04:08.335+0000] {processor.py:830} INFO - Processing file /opt/airflow/dags/auto_retrain_dag.py for tasks to queue
[2026-06-21T20:04:08.341+0000] {logging_mixin.py:188} INFO - [2026-06-21T20:04:08.340+0000] {dagbag.py:545} INFO - Filling up the DagBag from /opt/airflow/dags/auto_retrain_dag.py
[2026-06-21T20:04:08.406+0000] {processor.py:840} INFO - DAG(s) '5_auto_retraining_controller' retrieved from /opt/airflow/dags/auto_retrain_dag.py
[2026-06-21T20:04:08.454+0000] {logging_mixin.py:188} INFO - [2026-06-21T20:04:08.453+0000] {dag.py:3089} INFO - Sync 1 DAGs
[2026-06-21T20:04:08.485+0000] {logging_mixin.py:188} INFO - [2026-06-21T20:04:08.485+0000] {dag.py:3947} INFO - Setting next_dagrun for 5_auto_retraining_controller to 2026-06-21 00:00:00+00:00, run_after=2026-06-22 00:00:00+00:00
[2026-06-21T20:04:08.530+0000] {processor.py:183} INFO - Processing /opt/airflow/dags/auto_retrain_dag.py took 0.224 seconds
[2026-06-21T20:04:39.447+0000] {processor.py:161} INFO - Started process (PID=260) to work on /opt/airflow/dags/auto_retrain_dag.py
[2026-06-21T20:04:39.451+0000] {processor.py:830} INFO - Processing file /opt/airflow/dags/auto_retrain_dag.py for tasks to queue
[2026-06-21T20:04:39.456+0000] {logging_mixin.py:188} INFO - [2026-06-21T20:04:39.455+0000] {dagbag.py:545} INFO - Filling up the DagBag from /opt/airflow/dags/auto_retrain_dag.py
[2026-06-21T20:04:39.495+0000] {processor.py:840} INFO - DAG(s) '5_auto_retraining_controller' retrieved from /opt/airflow/dags/auto_retrain_dag.py
[2026-06-21T20:04:39.556+0000] {logging_mixin.py:188} INFO - [2026-06-21T20:04:39.555+0000] {dag.py:3089} INFO - Sync 1 DAGs
[2026-06-21T20:04:39.592+0000] {logging_mixin.py:188} INFO - [2026-06-21T20:04:39.591+0000] {dag.py:3947} INFO - Setting next_dagrun for 5_auto_retraining_controller to 2026-06-21 00:00:00+00:00, run_after=2026-06-22 00:00:00+00:00
[2026-06-21T20:04:39.621+0000] {processor.py:183} INFO - Processing /opt/airflow/dags/auto_retrain_dag.py took 0.204 seconds
[2026-06-21T20:05:10.114+0000] {processor.py:161} INFO - Started process (PID=286) to work on /opt/airflow/dags/auto_retrain_dag.py
[2026-06-21T20:05:10.117+0000] {processor.py:830} INFO - Processing file /opt/airflow/dags/auto_retrain_dag.py for tasks to queue
[2026-06-21T20:05:10.120+0000] {logging_mixin.py:188} INFO - [2026-06-21T20:05:10.119+0000] {dagbag.py:545} INFO - Filling up the DagBag from /opt/airflow/dags/auto_retrain_dag.py
[2026-06-21T20:05:10.145+0000] {processor.py:840} INFO - DAG(s) '5_auto_retraining_controller' retrieved from /opt/airflow/dags/auto_retrain_dag.py
[2026-06-21T20:05:10.175+0000] {logging_mixin.py:188} INFO - [2026-06-21T20:05:10.175+0000] {dag.py:3089} INFO - Sync 1 DAGs
[2026-06-21T20:05:10.203+0000] {logging_mixin.py:188} INFO - [2026-06-21T20:05:10.203+0000] {dag.py:3947} INFO - Setting next_dagrun for 5_auto_retraining_controller to 2026-06-21 00:00:00+00:00, run_after=2026-06-22 00:00:00+00:00
[2026-06-21T20:05:10.250+0000] {processor.py:183} INFO - Processing /opt/airflow/dags/auto_retrain_dag.py took 0.152 seconds
[2026-06-21T20:05:41.297+0000] {processor.py:161} INFO - Started process (PID=312) to work on /opt/airflow/dags/auto_retrain_dag.py
[2026-06-21T20:05:41.299+0000] {processor.py:830} INFO - Processing file /opt/airflow/dags/auto_retrain_dag.py for tasks to queue
[2026-06-21T20:05:41.305+0000] {logging_mixin.py:188} INFO - [2026-06-21T20:05:41.305+0000] {dagbag.py:545} INFO - Filling up the DagBag from /opt/airflow/dags/auto_retrain_dag.py
[2026-06-21T20:05:41.334+0000] {processor.py:840} INFO - DAG(s) '5_auto_retraining_controller' retrieved from /opt/airflow/dags/auto_retrain_dag.py
[2026-06-21T20:05:41.368+0000] {logging_mixin.py:188} INFO - [2026-06-21T20:05:41.368+0000] {dag.py:3089} INFO - Sync 1 DAGs
[2026-06-21T20:05:41.394+0000] {logging_mixin.py:188} INFO - [2026-06-21T20:05:41.394+0000] {dag.py:3947} INFO - Setting next_dagrun for 5_auto_retraining_controller to 2026-06-21 00:00:00+00:00, run_after=2026-06-22 00:00:00+00:00
[2026-06-21T20:05:41.419+0000] {processor.py:183} INFO - Processing /opt/airflow/dags/auto_retrain_dag.py took 0.133 seconds
[2026-06-21T20:06:11.958+0000] {processor.py:161} INFO - Started process (PID=338) to work on /opt/airflow/dags/auto_retrain_dag.py
[2026-06-21T20:06:11.961+0000] {processor.py:830} INFO - Processing file /opt/airflow/dags/auto_retrain_dag.py for tasks to queue
[2026-06-21T20:06:11.964+0000] {logging_mixin.py:188} INFO - [2026-06-21T20:06:11.963+0000] {dagbag.py:545} INFO - Filling up the DagBag from /opt/airflow/dags/auto_retrain_dag.py
[2026-06-21T20:06:12.000+0000] {processor.py:840} INFO - DAG(s) '5_auto_retraining_controller' retrieved from /opt/airflow/dags/auto_retrain_dag.py
[2026-06-21T20:06:12.045+0000] {logging_mixin.py:188} INFO - [2026-06-21T20:06:12.044+0000] {dag.py:3089} INFO - Sync 1 DAGs
[2026-06-21T20:06:12.085+0000] {logging_mixin.py:188} INFO - [2026-06-21T20:06:12.084+0000] {dag.py:3947} INFO - Setting next_dagrun for 5_auto_retraining_controller to 2026-06-21 00:00:00+00:00, run_after=2026-06-22 00:00:00+00:00
[2026-06-21T20:06:12.128+0000] {processor.py:183} INFO - Processing /opt/airflow/dags/auto_retrain_dag.py took 0.181 seconds
[2026-06-21T20:06:42.447+0000] {processor.py:161} INFO - Started process (PID=354) to work on /opt/airflow/dags/auto_retrain_dag.py
[2026-06-21T20:06:42.449+0000] {processor.py:830} INFO - Processing file /opt/airflow/dags/auto_retrain_dag.py for tasks to queue
[2026-06-21T20:06:42.451+0000] {logging_mixin.py:188} INFO - [2026-06-21T20:06:42.451+0000] {dagbag.py:545} INFO - Filling up the DagBag from /opt/airflow/dags/auto_retrain_dag.py
[2026-06-21T20:06:42.482+0000] {processor.py:840} INFO - DAG(s) '5_auto_retraining_controller' retrieved from /opt/airflow/dags/auto_retrain_dag.py
[2026-06-21T20:06:42.515+0000] {logging_mixin.py:188} INFO - [2026-06-21T20:06:42.515+0000] {dag.py:3089} INFO - Sync 1 DAGs
[2026-06-21T20:06:42.543+0000] {logging_mixin.py:188} INFO - [2026-06-21T20:06:42.542+0000] {dag.py:3947} INFO - Setting next_dagrun for 5_auto_retraining_controller to 2026-06-21 00:00:00+00:00, run_after=2026-06-22 00:00:00+00:00
[2026-06-21T20:06:42.571+0000] {processor.py:183} INFO - Processing /opt/airflow/dags/auto_retrain_dag.py took 0.132 seconds
[2026-06-21T20:07:12.891+0000] {processor.py:161} INFO - Started process (PID=370) to work on /opt/airflow/dags/auto_retrain_dag.py
[2026-06-21T20:07:12.893+0000] {processor.py:830} INFO - Processing file /opt/airflow/dags/auto_retrain_dag.py for tasks to queue
[2026-06-21T20:07:12.894+0000] {logging_mixin.py:188} INFO - [2026-06-21T20:07:12.894+0000] {dagbag.py:545} INFO - Filling up the DagBag from /opt/airflow/dags/auto_retrain_dag.py
[2026-06-21T20:07:12.923+0000] {processor.py:840} INFO - DAG(s) '5_auto_retraining_controller' retrieved from /opt/airflow/dags/auto_retrain_dag.py
[2026-06-21T20:07:12.967+0000] {logging_mixin.py:188} INFO - [2026-06-21T20:07:12.967+0000] {dag.py:3089} INFO - Sync 1 DAGs
[2026-06-21T20:07:12.992+0000] {logging_mixin.py:188} INFO - [2026-06-21T20:07:12.992+0000] {dag.py:3947} INFO - Setting next_dagrun for 5_auto_retraining_controller to 2026-06-21 00:00:00+00:00, run_after=2026-06-22 00:00:00+00:00
[2026-06-21T20:07:13.020+0000] {processor.py:183} INFO - Processing /opt/airflow/dags/auto_retrain_dag.py took 0.138 seconds
[2026-06-21T20:07:43.316+0000] {processor.py:161} INFO - Started process (PID=386) to work on /opt/airflow/dags/auto_retrain_dag.py
[2026-06-21T20:07:43.318+0000] {processor.py:830} INFO - Processing file /opt/airflow/dags/auto_retrain_dag.py for tasks to queue
[2026-06-21T20:07:43.319+0000] {logging_mixin.py:188} INFO - [2026-06-21T20:07:43.319+0000] {dagbag.py:545} INFO - Filling up the DagBag from /opt/airflow/dags/auto_retrain_dag.py
[2026-06-21T20:07:43.350+0000] {processor.py:840} INFO - DAG(s) '5_auto_retraining_controller' retrieved from /opt/airflow/dags/auto_retrain_dag.py
[2026-06-21T20:07:43.403+0000] {logging_mixin.py:188} INFO - [2026-06-21T20:07:43.403+0000] {dag.py:3089} INFO - Sync 1 DAGs
[2026-06-21T20:07:43.439+0000] {logging_mixin.py:188} INFO - [2026-06-21T20:07:43.438+0000] {dag.py:3947} INFO - Setting next_dagrun for 5_auto_retraining_controller to 2026-06-21 00:00:00+00:00, run_after=2026-06-22 00:00:00+00:00
[2026-06-21T20:07:43.477+0000] {processor.py:183} INFO - Processing /opt/airflow/dags/auto_retrain_dag.py took 0.167 seconds
[2026-06-21T20:08:13.960+0000] {processor.py:161} INFO - Started process (PID=407) to work on /opt/airflow/dags/auto_retrain_dag.py
[2026-06-21T20:08:13.964+0000] {processor.py:830} INFO - Processing file /opt/airflow/dags/auto_retrain_dag.py for tasks to queue
[2026-06-21T20:08:13.968+0000] {logging_mixin.py:188} INFO - [2026-06-21T20:08:13.967+0000] {dagbag.py:545} INFO - Filling up the DagBag from /opt/airflow/dags/auto_retrain_dag.py
[2026-06-21T20:08:14.023+0000] {processor.py:840} INFO - DAG(s) '5_auto_retraining_controller' retrieved from /opt/airflow/dags/auto_retrain_dag.py
[2026-06-21T20:08:14.077+0000] {logging_mixin.py:188} INFO - [2026-06-21T20:08:14.076+0000] {dag.py:3089} INFO - Sync 1 DAGs
[2026-06-21T20:08:14.117+0000] {logging_mixin.py:188} INFO - [2026-06-21T20:08:14.117+0000] {dag.py:3947} INFO - Setting next_dagrun for 5_auto_retraining_controller to 2026-06-21 00:00:00+00:00, run_after=2026-06-22 00:00:00+00:00
[2026-06-21T20:08:14.159+0000] {processor.py:183} INFO - Processing /opt/airflow/dags/auto_retrain_dag.py took 0.221 seconds
[2026-06-21T20:08:44.475+0000] {processor.py:161} INFO - Started process (PID=434) to work on /opt/airflow/dags/auto_retrain_dag.py
[2026-06-21T20:08:44.477+0000] {processor.py:830} INFO - Processing file /opt/airflow/dags/auto_retrain_dag.py for tasks to queue
[2026-06-21T20:08:44.479+0000] {logging_mixin.py:188} INFO - [2026-06-21T20:08:44.478+0000] {dagbag.py:545} INFO - Filling up the DagBag from /opt/airflow/dags/auto_retrain_dag.py
[2026-06-21T20:08:44.503+0000] {processor.py:840} INFO - DAG(s) '5_auto_retraining_controller' retrieved from /opt/airflow/dags/auto_retrain_dag.py
[2026-06-21T20:08:44.530+0000] {logging_mixin.py:188} INFO - [2026-06-21T20:08:44.530+0000] {dag.py:3089} INFO - Sync 1 DAGs
[2026-06-21T20:08:44.554+0000] {logging_mixin.py:188} INFO - [2026-06-21T20:08:44.554+0000] {dag.py:3947} INFO - Setting next_dagrun for 5_auto_retraining_controller to 2026-06-21 00:00:00+00:00, run_after=2026-06-22 00:00:00+00:00
[2026-06-21T20:08:44.577+0000] {processor.py:183} INFO - Processing /opt/airflow/dags/auto_retrain_dag.py took 0.108 seconds
[2026-06-21T20:09:14.919+0000] {processor.py:161} INFO - Started process (PID=450) to work on /opt/airflow/dags/auto_retrain_dag.py
[2026-06-21T20:09:14.921+0000] {processor.py:830} INFO - Processing file /opt/airflow/dags/auto_retrain_dag.py for tasks to queue
[2026-06-21T20:09:14.924+0000] {logging_mixin.py:188} INFO - [2026-06-21T20:09:14.923+0000] {dagbag.py:545} INFO - Filling up the DagBag from /opt/airflow/dags/auto_retrain_dag.py
[2026-06-21T20:09:14.959+0000] {processor.py:840} INFO - DAG(s) '5_auto_retraining_controller' retrieved from /opt/airflow/dags/auto_retrain_dag.py
[2026-06-21T20:09:14.996+0000] {logging_mixin.py:188} INFO - [2026-06-21T20:09:14.996+0000] {dag.py:3089} INFO - Sync 1 DAGs
[2026-06-21T20:09:15.021+0000] {logging_mixin.py:188} INFO - [2026-06-21T20:09:15.021+0000] {dag.py:3947} INFO - Setting next_dagrun for 5_auto_retraining_controller to 2026-06-21 00:00:00+00:00, run_after=2026-06-22 00:00:00+00:00
[2026-06-21T20:09:15.050+0000] {processor.py:183} INFO - Processing /opt/airflow/dags/auto_retrain_dag.py took 0.144 seconds
[2026-06-21T20:09:45.345+0000] {processor.py:161} INFO - Started process (PID=466) to work on /opt/airflow/dags/auto_retrain_dag.py
[2026-06-21T20:09:45.347+0000] {processor.py:830} INFO - Processing file /opt/airflow/dags/auto_retrain_dag.py for tasks to queue
[2026-06-21T20:09:45.350+0000] {logging_mixin.py:188} INFO - [2026-06-21T20:09:45.349+0000] {dagbag.py:545} INFO - Filling up the DagBag from /opt/airflow/dags/auto_retrain_dag.py
[2026-06-21T20:09:45.381+0000] {processor.py:840} INFO - DAG(s) '5_auto_retraining_controller' retrieved from /opt/airflow/dags/auto_retrain_dag.py
[2026-06-21T20:09:45.419+0000] {logging_mixin.py:188} INFO - [2026-06-21T20:09:45.419+0000] {dag.py:3089} INFO - Sync 1 DAGs
[2026-06-21T20:09:45.449+0000] {logging_mixin.py:188} INFO - [2026-06-21T20:09:45.449+0000] {dag.py:3947} INFO - Setting next_dagrun for 5_auto_retraining_controller to 2026-06-21 00:00:00+00:00, run_after=2026-06-22 00:00:00+00:00
[2026-06-21T20:09:45.476+0000] {processor.py:183} INFO - Processing /opt/airflow/dags/auto_retrain_dag.py took 0.141 seconds
[2026-06-21T20:10:15.803+0000] {processor.py:161} INFO - Started process (PID=482) to work on /opt/airflow/dags/auto_retrain_dag.py
[2026-06-21T20:10:15.806+0000] {processor.py:830} INFO - Processing file /opt/airflow/dags/auto_retrain_dag.py for tasks to queue
[2026-06-21T20:10:15.810+0000] {logging_mixin.py:188} INFO - [2026-06-21T20:10:15.809+0000] {dagbag.py:545} INFO - Filling up the DagBag from /opt/airflow/dags/auto_retrain_dag.py
[2026-06-21T20:10:15.847+0000] {processor.py:840} INFO - DAG(s) '5_auto_retraining_controller' retrieved from /opt/airflow/dags/auto_retrain_dag.py
[2026-06-21T20:10:15.902+0000] {logging_mixin.py:188} INFO - [2026-06-21T20:10:15.902+0000] {dag.py:3089} INFO - Sync 1 DAGs
[2026-06-21T20:10:15.936+0000] {logging_mixin.py:188} INFO - [2026-06-21T20:10:15.935+0000] {dag.py:3947} INFO - Setting next_dagrun for 5_auto_retraining_controller to 2026-06-21 00:00:00+00:00, run_after=2026-06-22 00:00:00+00:00
[2026-06-21T20:10:15.973+0000] {processor.py:183} INFO - Processing /opt/airflow/dags/auto_retrain_dag.py took 0.181 seconds
[2026-06-21T20:10:46.419+0000] {processor.py:161} INFO - Started process (PID=498) to work on /opt/airflow/dags/auto_retrain_dag.py
[2026-06-21T20:10:46.424+0000] {processor.py:830} INFO - Processing file /opt/airflow/dags/auto_retrain_dag.py for tasks to queue
[2026-06-21T20:10:46.429+0000] {logging_mixin.py:188} INFO - [2026-06-21T20:10:46.427+0000] {dagbag.py:545} INFO - Filling up the DagBag from /opt/airflow/dags/auto_retrain_dag.py
[2026-06-21T20:10:46.532+0000] {processor.py:840} INFO - DAG(s) '5_auto_retraining_controller' retrieved from /opt/airflow/dags/auto_retrain_dag.py
[2026-06-21T20:10:46.625+0000] {logging_mixin.py:188} INFO - [2026-06-21T20:10:46.625+0000] {dag.py:3089} INFO - Sync 1 DAGs
[2026-06-21T20:10:46.682+0000] {logging_mixin.py:188} INFO - [2026-06-21T20:10:46.682+0000] {dag.py:3947} INFO - Setting next_dagrun for 5_auto_retraining_controller to 2026-06-21 00:00:00+00:00, run_after=2026-06-22 00:00:00+00:00
[2026-06-21T20:10:46.735+0000] {processor.py:183} INFO - Processing /opt/airflow/dags/auto_retrain_dag.py took 0.342 seconds
[2026-06-21T20:11:17.099+0000] {processor.py:161} INFO - Started process (PID=514) to work on /opt/airflow/dags/auto_retrain_dag.py
[2026-06-21T20:11:17.101+0000] {processor.py:830} INFO - Processing file /opt/airflow/dags/auto_retrain_dag.py for tasks to queue
[2026-06-21T20:11:17.103+0000] {logging_mixin.py:188} INFO - [2026-06-21T20:11:17.103+0000] {dagbag.py:545} INFO - Filling up the DagBag from /opt/airflow/dags/auto_retrain_dag.py
[2026-06-21T20:11:17.136+0000] {processor.py:840} INFO - DAG(s) '5_auto_retraining_controller' retrieved from /opt/airflow/dags/auto_retrain_dag.py
[2026-06-21T20:11:17.169+0000] {logging_mixin.py:188} INFO - [2026-06-21T20:11:17.169+0000] {dag.py:3089} INFO - Sync 1 DAGs
[2026-06-21T20:11:17.194+0000] {logging_mixin.py:188} INFO - [2026-06-21T20:11:17.193+0000] {dag.py:3947} INFO - Setting next_dagrun for 5_auto_retraining_controller to 2026-06-21 00:00:00+00:00, run_after=2026-06-22 00:00:00+00:00
[2026-06-21T20:11:17.220+0000] {processor.py:183} INFO - Processing /opt/airflow/dags/auto_retrain_dag.py took 0.129 seconds
[2026-06-21T20:11:47.406+0000] {processor.py:161} INFO - Started process (PID=530) to work on /opt/airflow/dags/auto_retrain_dag.py
[2026-06-21T20:11:47.410+0000] {processor.py:830} INFO - Processing file /opt/airflow/dags/auto_retrain_dag.py for tasks to queue
[2026-06-21T20:11:47.413+0000] {logging_mixin.py:188} INFO - [2026-06-21T20:11:47.412+0000] {dagbag.py:545} INFO - Filling up the DagBag from /opt/airflow/dags/auto_retrain_dag.py
[2026-06-21T20:11:47.445+0000] {processor.py:840} INFO - DAG(s) '5_auto_retraining_controller' retrieved from /opt/airflow/dags/auto_retrain_dag.py
[2026-06-21T20:11:47.484+0000] {logging_mixin.py:188} INFO - [2026-06-21T20:11:47.483+0000] {dag.py:3089} INFO - Sync 1 DAGs
[2026-06-21T20:11:47.549+0000] {logging_mixin.py:188} INFO - [2026-06-21T20:11:47.549+0000] {dag.py:3947} INFO - Setting next_dagrun for 5_auto_retraining_controller to 2026-06-21 00:00:00+00:00, run_after=2026-06-22 00:00:00+00:00
[2026-06-21T20:11:47.576+0000] {processor.py:183} INFO - Processing /opt/airflow/dags/auto_retrain_dag.py took 0.180 seconds
[2026-06-21T20:12:17.945+0000] {processor.py:161} INFO - Started process (PID=559) to work on /opt/airflow/dags/auto_retrain_dag.py
[2026-06-21T20:12:17.947+0000] {processor.py:830} INFO - Processing file /opt/airflow/dags/auto_retrain_dag.py for tasks to queue
[2026-06-21T20:12:17.948+0000] {logging_mixin.py:188} INFO - [2026-06-21T20:12:17.948+0000] {dagbag.py:545} INFO - Filling up the DagBag from /opt/airflow/dags/auto_retrain_dag.py
[2026-06-21T20:12:17.980+0000] {processor.py:840} INFO - DAG(s) '5_auto_retraining_controller' retrieved from /opt/airflow/dags/auto_retrain_dag.py
[2026-06-21T20:12:18.030+0000] {logging_mixin.py:188} INFO - [2026-06-21T20:12:18.029+0000] {dag.py:3089} INFO - Sync 1 DAGs
[2026-06-21T20:12:18.069+0000] {logging_mixin.py:188} INFO - [2026-06-21T20:12:18.068+0000] {dag.py:3947} INFO - Setting next_dagrun for 5_auto_retraining_controller to 2026-06-21 00:00:00+00:00, run_after=2026-06-22 00:00:00+00:00
[2026-06-21T20:12:18.104+0000] {processor.py:183} INFO - Processing /opt/airflow/dags/auto_retrain_dag.py took 0.167 seconds
[2026-06-21T20:12:48.407+0000] {processor.py:161} INFO - Started process (PID=575) to work on /opt/airflow/dags/auto_retrain_dag.py
[2026-06-21T20:12:48.409+0000] {processor.py:830} INFO - Processing file /opt/airflow/dags/auto_retrain_dag.py for tasks to queue
[2026-06-21T20:12:48.411+0000] {logging_mixin.py:188} INFO - [2026-06-21T20:12:48.410+0000] {dagbag.py:545} INFO - Filling up the DagBag from /opt/airflow/dags/auto_retrain_dag.py
[2026-06-21T20:12:48.440+0000] {processor.py:840} INFO - DAG(s) '5_auto_retraining_controller' retrieved from /opt/airflow/dags/auto_retrain_dag.py
[2026-06-21T20:12:48.471+0000] {logging_mixin.py:188} INFO - [2026-06-21T20:12:48.470+0000] {dag.py:3089} INFO - Sync 1 DAGs
[2026-06-21T20:12:48.496+0000] {logging_mixin.py:188} INFO - [2026-06-21T20:12:48.496+0000] {dag.py:3947} INFO - Setting next_dagrun for 5_auto_retraining_controller to 2026-06-21 00:00:00+00:00, run_after=2026-06-22 00:00:00+00:00
[2026-06-21T20:12:48.521+0000] {processor.py:183} INFO - Processing /opt/airflow/dags/auto_retrain_dag.py took 0.124 seconds
[2026-06-21T20:13:18.942+0000] {processor.py:161} INFO - Started process (PID=591) to work on /opt/airflow/dags/auto_retrain_dag.py
[2026-06-21T20:13:18.945+0000] {processor.py:830} INFO - Processing file /opt/airflow/dags/auto_retrain_dag.py for tasks to queue
[2026-06-21T20:13:18.948+0000] {logging_mixin.py:188} INFO - [2026-06-21T20:13:18.947+0000] {dagbag.py:545} INFO - Filling up the DagBag from /opt/airflow/dags/auto_retrain_dag.py
[2026-06-21T20:13:19.014+0000] {processor.py:840} INFO - DAG(s) '5_auto_retraining_controller' retrieved from /opt/airflow/dags/auto_retrain_dag.py
[2026-06-21T20:13:19.078+0000] {logging_mixin.py:188} INFO - [2026-06-21T20:13:19.078+0000] {dag.py:3089} INFO - Sync 1 DAGs
[2026-06-21T20:13:19.126+0000] {logging_mixin.py:188} INFO - [2026-06-21T20:13:19.126+0000] {dag.py:3947} INFO - Setting next_dagrun for 5_auto_retraining_controller to 2026-06-21 00:00:00+00:00, run_after=2026-06-22 00:00:00+00:00
[2026-06-21T20:13:19.160+0000] {processor.py:183} INFO - Processing /opt/airflow/dags/auto_retrain_dag.py took 0.230 seconds
[2026-06-21T20:13:49.465+0000] {processor.py:161} INFO - Started process (PID=607) to work on /opt/airflow/dags/auto_retrain_dag.py
[2026-06-21T20:13:49.466+0000] {processor.py:830} INFO - Processing file /opt/airflow/dags/auto_retrain_dag.py for tasks to queue
[2026-06-21T20:13:49.468+0000] {logging_mixin.py:188} INFO - [2026-06-21T20:13:49.468+0000] {dagbag.py:545} INFO - Filling up the DagBag from /opt/airflow/dags/auto_retrain_dag.py
[2026-06-21T20:13:49.497+0000] {processor.py:840} INFO - DAG(s) '5_auto_retraining_controller' retrieved from /opt/airflow/dags/auto_retrain_dag.py
[2026-06-21T20:13:49.533+0000] {logging_mixin.py:188} INFO - [2026-06-21T20:13:49.532+0000] {dag.py:3089} INFO - Sync 1 DAGs
[2026-06-21T20:13:49.561+0000] {logging_mixin.py:188} INFO - [2026-06-21T20:13:49.561+0000] {dag.py:3947} INFO - Setting next_dagrun for 5_auto_retraining_controller to 2026-06-21 00:00:00+00:00, run_after=2026-06-22 00:00:00+00:00
[2026-06-21T20:13:49.593+0000] {processor.py:183} INFO - Processing /opt/airflow/dags/auto_retrain_dag.py took 0.136 seconds
[2026-06-21T20:14:19.931+0000] {processor.py:161} INFO - Started process (PID=623) to work on /opt/airflow/dags/auto_retrain_dag.py
[2026-06-21T20:14:19.933+0000] {processor.py:830} INFO - Processing file /opt/airflow/dags/auto_retrain_dag.py for tasks to queue
[2026-06-21T20:14:19.935+0000] {logging_mixin.py:188} INFO - [2026-06-21T20:14:19.934+0000] {dagbag.py:545} INFO - Filling up the DagBag from /opt/airflow/dags/auto_retrain_dag.py
[2026-06-21T20:14:19.963+0000] {processor.py:840} INFO - DAG(s) '5_auto_retraining_controller' retrieved from /opt/airflow/dags/auto_retrain_dag.py
[2026-06-21T20:14:19.993+0000] {logging_mixin.py:188} INFO - [2026-06-21T20:14:19.992+0000] {dag.py:3089} INFO - Sync 1 DAGs
[2026-06-21T20:14:20.018+0000] {logging_mixin.py:188} INFO - [2026-06-21T20:14:20.018+0000] {dag.py:3947} INFO - Setting next_dagrun for 5_auto_retraining_controller to 2026-06-21 00:00:00+00:00, run_after=2026-06-22 00:00:00+00:00
[2026-06-21T20:14:20.043+0000] {processor.py:183} INFO - Processing /opt/airflow/dags/auto_retrain_dag.py took 0.120 seconds
