[2026-06-21T19:53:05.422+0000] {manager.py:470} INFO - Processing files using up to 2 processes at a time 
[2026-06-21T19:53:05.424+0000] {manager.py:471} INFO - Process each file at most once every 30 seconds
[2026-06-21T19:53:05.426+0000] {manager.py:472} INFO - Checking for new files in /opt/airflow/dags every 300 seconds
[2026-06-21T19:53:05.428+0000] {manager.py:737} INFO - Searching for files in /opt/airflow/dags
[2026-06-21T19:53:05.434+0000] {manager.py:740} INFO - There are 0 files in /opt/airflow/dags
[2026-06-21T19:58:05.836+0000] {manager.py:737} INFO - Searching for files in /opt/airflow/dags
[2026-06-21T19:58:05.842+0000] {manager.py:740} INFO - There are 0 files in /opt/airflow/dags
[2026-06-21T20:03:06.338+0000] {manager.py:737} INFO - Searching for files in /opt/airflow/dags
[2026-06-21T20:03:06.373+0000] {manager.py:740} INFO - There are 5 files in /opt/airflow/dags
[2026-06-21T20:03:08.570+0000] {manager.py:878} INFO - 
================================================================================
DAG File Processing Stats

File Path                                 PID    Runtime      # DAGs    # Errors  Last Runtime    Last Run
----------------------------------------  -----  ---------  --------  ----------  --------------  -------------------
/opt/airflow/dags/inference_dag.py                                 1           0  2.13s           2026-06-21T20:03:08
/opt/airflow/dags/auto_retrain_dag.py                              1           0  0.63s           2026-06-21T20:03:07
/opt/airflow/dags/retrain_dag.py                                   1           0  0.32s           2026-06-21T20:03:07
/opt/airflow/dags/drift_detection_dag.py                           0           1  0.24s           2026-06-21T20:03:06
/opt/airflow/dags/ingestion_dag.py                                 0           1  0.18s           2026-06-21T20:03:06
================================================================================
[2026-06-21T20:03:39.233+0000] {manager.py:878} INFO - 
================================================================================
DAG File Processing Stats

File Path                                   PID  Runtime      # DAGs    # Errors  Last Runtime    Last Run
----------------------------------------  -----  ---------  --------  ----------  --------------  -------------------
/opt/airflow/dags/inference_dag.py          218  0.01s             1           0  2.13s           2026-06-21T20:03:08
/opt/airflow/dags/auto_retrain_dag.py                              1           0  0.22s           2026-06-21T20:03:38
/opt/airflow/dags/retrain_dag.py                                   1           0  0.17s           2026-06-21T20:03:38
/opt/airflow/dags/drift_detection_dag.py                           0           1  0.12s           2026-06-21T20:03:36
/opt/airflow/dags/ingestion_dag.py                                 0           1  0.11s           2026-06-21T20:03:37
================================================================================
[2026-06-21T20:04:09.331+0000] {manager.py:878} INFO - 
================================================================================
DAG File Processing Stats

File Path                                 PID    Runtime      # DAGs    # Errors  Last Runtime    Last Run
----------------------------------------  -----  ---------  --------  ----------  --------------  -------------------
/opt/airflow/dags/inference_dag.py                                 1           0  0.49s           2026-06-21T20:03:39
/opt/airflow/dags/auto_retrain_dag.py                              1           0  0.31s           2026-06-21T20:04:08
/opt/airflow/dags/retrain_dag.py                                   1           0  0.28s           2026-06-21T20:04:08
/opt/airflow/dags/drift_detection_dag.py                           0           1  0.12s           2026-06-21T20:04:07
/opt/airflow/dags/ingestion_dag.py                                 0           1  0.10s           2026-06-21T20:04:07
================================================================================
[2026-06-21T20:04:39.402+0000] {manager.py:878} INFO - 
================================================================================
DAG File Processing Stats

File Path                                   PID  Runtime      # DAGs    # Errors  Last Runtime    Last Run
----------------------------------------  -----  ---------  --------  ----------  --------------  -------------------
/opt/airflow/dags/inference_dag.py                                 1           0  0.69s           2026-06-21T20:04:11
/opt/airflow/dags/auto_retrain_dag.py       260  0.03s             1           0  0.31s           2026-06-21T20:04:08
/opt/airflow/dags/retrain_dag.py            261  0.01s             1           0  0.28s           2026-06-21T20:04:08
/opt/airflow/dags/drift_detection_dag.py                           0           1  0.14s           2026-06-21T20:04:37
/opt/airflow/dags/ingestion_dag.py                                 0           1  0.12s           2026-06-21T20:04:37
================================================================================
[2026-06-21T20:05:10.103+0000] {manager.py:878} INFO - 
================================================================================
DAG File Processing Stats

File Path                                   PID  Runtime      # DAGs    # Errors  Last Runtime    Last Run
----------------------------------------  -----  ---------  --------  ----------  --------------  -------------------
/opt/airflow/dags/inference_dag.py                                 1           0  0.50s           2026-06-21T20:04:42
/opt/airflow/dags/auto_retrain_dag.py       286  0.03s             1           0  0.26s           2026-06-21T20:04:39
/opt/airflow/dags/retrain_dag.py            289  0.01s             1           0  0.20s           2026-06-21T20:04:39
/opt/airflow/dags/drift_detection_dag.py                           0           1  0.11s           2026-06-21T20:05:08
/opt/airflow/dags/ingestion_dag.py                                 0           1  0.11s           2026-06-21T20:05:08
================================================================================
[2026-06-21T20:05:40.228+0000] {manager.py:878} INFO - 
================================================================================
DAG File Processing Stats

File Path                                 PID    Runtime      # DAGs    # Errors  Last Runtime    Last Run
----------------------------------------  -----  ---------  --------  ----------  --------------  -------------------
/opt/airflow/dags/inference_dag.py                                 1           0  0.58s           2026-06-21T20:05:12
/opt/airflow/dags/auto_retrain_dag.py                              1           0  0.19s           2026-06-21T20:05:10
/opt/airflow/dags/retrain_dag.py                                   1           0  0.15s           2026-06-21T20:05:10
/opt/airflow/dags/ingestion_dag.py                                 0           1  0.11s           2026-06-21T20:05:38
/opt/airflow/dags/drift_detection_dag.py                           0           1  0.10s           2026-06-21T20:05:38
================================================================================
[2026-06-21T20:06:10.885+0000] {manager.py:878} INFO - 
================================================================================
DAG File Processing Stats

File Path                                 PID    Runtime      # DAGs    # Errors  Last Runtime    Last Run
----------------------------------------  -----  ---------  --------  ----------  --------------  -------------------
/opt/airflow/dags/inference_dag.py                                 1           0  0.48s           2026-06-21T20:05:43
/opt/airflow/dags/auto_retrain_dag.py                              1           0  0.19s           2026-06-21T20:05:41
/opt/airflow/dags/retrain_dag.py                                   1           0  0.15s           2026-06-21T20:05:41
/opt/airflow/dags/ingestion_dag.py                                 0           1  0.11s           2026-06-21T20:06:08
/opt/airflow/dags/drift_detection_dag.py                           0           1  0.11s           2026-06-21T20:06:08
================================================================================
[2026-06-21T20:06:11.895+0000] {manager.py:1128} WARNING - Skipping processing of missing file: /opt/airflow/dags/ingestion_dag.py
[2026-06-21T20:06:13.993+0000] {manager.py:1128} WARNING - Skipping processing of missing file: /opt/airflow/dags/drift_detection_dag.py
[2026-06-21T20:06:41.053+0000] {manager.py:878} INFO - 
================================================================================
DAG File Processing Stats

File Path                              PID    Runtime      # DAGs    # Errors  Last Runtime    Last Run
-------------------------------------  -----  ---------  --------  ----------  --------------  -------------------
/opt/airflow/dags/inference_dag.py                              1           0  0.80s           2026-06-21T20:06:14
/opt/airflow/dags/auto_retrain_dag.py                           1           0  0.24s           2026-06-21T20:06:12
/opt/airflow/dags/retrain_dag.py                                1           0  0.21s           2026-06-21T20:06:12
================================================================================
[2026-06-21T20:07:11.224+0000] {manager.py:878} INFO - 
================================================================================
DAG File Processing Stats

File Path                              PID    Runtime      # DAGs    # Errors  Last Runtime    Last Run
-------------------------------------  -----  ---------  --------  ----------  --------------  -------------------
/opt/airflow/dags/inference_dag.py                              1           0  0.56s           2026-06-21T20:06:46
/opt/airflow/dags/auto_retrain_dag.py                           1           0  0.18s           2026-06-21T20:06:42
/opt/airflow/dags/retrain_dag.py                                1           0  0.15s           2026-06-21T20:06:42
================================================================================
[2026-06-21T20:07:41.260+0000] {manager.py:878} INFO - 
================================================================================
DAG File Processing Stats

File Path                              PID    Runtime      # DAGs    # Errors  Last Runtime    Last Run
-------------------------------------  -----  ---------  --------  ----------  --------------  -------------------
/opt/airflow/dags/inference_dag.py                              1           0  0.50s           2026-06-21T20:07:16
/opt/airflow/dags/auto_retrain_dag.py                           1           0  0.18s           2026-06-21T20:07:13
/opt/airflow/dags/retrain_dag.py                                1           0  0.15s           2026-06-21T20:07:13
================================================================================
[2026-06-21T20:08:06.698+0000] {manager.py:737} INFO - Searching for files in /opt/airflow/dags
[2026-06-21T20:08:06.747+0000] {manager.py:740} INFO - There are 3 files in /opt/airflow/dags
[2026-06-21T20:08:11.816+0000] {manager.py:878} INFO - 
================================================================================
DAG File Processing Stats

File Path                              PID    Runtime      # DAGs    # Errors  Last Runtime    Last Run
-------------------------------------  -----  ---------  --------  ----------  --------------  -------------------
/opt/airflow/dags/inference_dag.py                              1           0  0.44s           2026-06-21T20:07:47
/opt/airflow/dags/auto_retrain_dag.py                           1           0  0.21s           2026-06-21T20:07:43
/opt/airflow/dags/retrain_dag.py                                1           0  0.20s           2026-06-21T20:07:43
================================================================================
[2026-06-21T20:08:42.093+0000] {manager.py:878} INFO - 
================================================================================
DAG File Processing Stats

File Path                              PID    Runtime      # DAGs    # Errors  Last Runtime    Last Run
-------------------------------------  -----  ---------  --------  ----------  --------------  -------------------
/opt/airflow/dags/inference_dag.py                              1           0  0.68s           2026-06-21T20:08:18
/opt/airflow/dags/auto_retrain_dag.py                           1           0  0.32s           2026-06-21T20:08:14
/opt/airflow/dags/retrain_dag.py                                1           0  0.26s           2026-06-21T20:08:14
================================================================================
[2026-06-21T20:09:12.327+0000] {manager.py:878} INFO - 
================================================================================
DAG File Processing Stats

File Path                              PID    Runtime      # DAGs    # Errors  Last Runtime    Last Run
-------------------------------------  -----  ---------  --------  ----------  --------------  -------------------
/opt/airflow/dags/inference_dag.py                              1           0  0.49s           2026-06-21T20:08:50
/opt/airflow/dags/auto_retrain_dag.py                           1           0  0.15s           2026-06-21T20:08:44
/opt/airflow/dags/retrain_dag.py                                1           0  0.14s           2026-06-21T20:08:44
================================================================================
[2026-06-21T20:09:42.627+0000] {manager.py:878} INFO - 
================================================================================
DAG File Processing Stats

File Path                              PID    Runtime      # DAGs    # Errors  Last Runtime    Last Run
-------------------------------------  -----  ---------  --------  ----------  --------------  -------------------
/opt/airflow/dags/inference_dag.py                              1           0  0.50s           2026-06-21T20:09:21
/opt/airflow/dags/auto_retrain_dag.py                           1           0  0.20s           2026-06-21T20:09:15
/opt/airflow/dags/retrain_dag.py                                1           0  0.17s           2026-06-21T20:09:15
================================================================================
[2026-06-21T20:10:12.716+0000] {manager.py:878} INFO - 
================================================================================
DAG File Processing Stats

File Path                              PID    Runtime      # DAGs    # Errors  Last Runtime    Last Run
-------------------------------------  -----  ---------  --------  ----------  --------------  -------------------
/opt/airflow/dags/inference_dag.py                              1           0  0.43s           2026-06-21T20:09:51
/opt/airflow/dags/auto_retrain_dag.py                           1           0  0.19s           2026-06-21T20:09:45
/opt/airflow/dags/retrain_dag.py                                1           0  0.15s           2026-06-21T20:09:45
================================================================================
[2026-06-21T20:10:43.278+0000] {manager.py:878} INFO - 
================================================================================
DAG File Processing Stats

File Path                              PID    Runtime      # DAGs    # Errors  Last Runtime    Last Run
-------------------------------------  -----  ---------  --------  ----------  --------------  -------------------
/opt/airflow/dags/inference_dag.py                              1           0  0.44s           2026-06-21T20:10:22
/opt/airflow/dags/auto_retrain_dag.py                           1           0  0.24s           2026-06-21T20:10:15
/opt/airflow/dags/retrain_dag.py                                1           0  0.23s           2026-06-21T20:10:16
================================================================================
[2026-06-21T20:11:13.542+0000] {manager.py:878} INFO - 
================================================================================
DAG File Processing Stats

File Path                              PID    Runtime      # DAGs    # Errors  Last Runtime    Last Run
-------------------------------------  -----  ---------  --------  ----------  --------------  -------------------
/opt/airflow/dags/inference_dag.py                              1           0  0.53s           2026-06-21T20:10:53
/opt/airflow/dags/auto_retrain_dag.py                           1           0  0.45s           2026-06-21T20:10:46
/opt/airflow/dags/retrain_dag.py                                1           0  0.42s           2026-06-21T20:10:46
================================================================================
[2026-06-21T20:11:44.341+0000] {manager.py:878} INFO - 
================================================================================
DAG File Processing Stats

File Path                              PID    Runtime      # DAGs    # Errors  Last Runtime    Last Run
-------------------------------------  -----  ---------  --------  ----------  --------------  -------------------
/opt/airflow/dags/inference_dag.py                              1           0  1.09s           2026-06-21T20:11:25
/opt/airflow/dags/auto_retrain_dag.py                           1           0  0.18s           2026-06-21T20:11:17
/opt/airflow/dags/retrain_dag.py                                1           0  0.16s           2026-06-21T20:11:17
================================================================================
[2026-06-21T20:12:14.879+0000] {manager.py:878} INFO - 
================================================================================
DAG File Processing Stats

File Path                              PID    Runtime      # DAGs    # Errors  Last Runtime    Last Run
-------------------------------------  -----  ---------  --------  ----------  --------------  -------------------
/opt/airflow/dags/inference_dag.py                              1           0  1.18s           2026-06-21T20:11:56
/opt/airflow/dags/auto_retrain_dag.py                           1           0  0.22s           2026-06-21T20:11:47
/opt/airflow/dags/retrain_dag.py                                1           0  0.17s           2026-06-21T20:11:47
================================================================================
[2026-06-21T20:12:45.346+0000] {manager.py:878} INFO - 
================================================================================
DAG File Processing Stats

File Path                              PID    Runtime      # DAGs    # Errors  Last Runtime    Last Run
-------------------------------------  -----  ---------  --------  ----------  --------------  -------------------
/opt/airflow/dags/inference_dag.py                              1           0  0.57s           2026-06-21T20:12:27
/opt/airflow/dags/auto_retrain_dag.py                           1           0  0.21s           2026-06-21T20:12:18
/opt/airflow/dags/retrain_dag.py                                1           0  0.20s           2026-06-21T20:12:18
================================================================================
[2026-06-21T20:13:06.719+0000] {manager.py:737} INFO - Searching for files in /opt/airflow/dags
[2026-06-21T20:13:06.769+0000] {manager.py:740} INFO - There are 3 files in /opt/airflow/dags
[2026-06-21T20:13:15.854+0000] {manager.py:878} INFO - 
================================================================================
DAG File Processing Stats

File Path                              PID    Runtime      # DAGs    # Errors  Last Runtime    Last Run
-------------------------------------  -----  ---------  --------  ----------  --------------  -------------------
/opt/airflow/dags/inference_dag.py                              1           0  0.56s           2026-06-21T20:12:59
/opt/airflow/dags/auto_retrain_dag.py                           1           0  0.17s           2026-06-21T20:12:48
/opt/airflow/dags/retrain_dag.py                                1           0  0.16s           2026-06-21T20:12:48
================================================================================
[2026-06-21T20:13:45.974+0000] {manager.py:878} INFO - 
================================================================================
DAG File Processing Stats

File Path                              PID    Runtime      # DAGs    # Errors  Last Runtime    Last Run
-------------------------------------  -----  ---------  --------  ----------  --------------  -------------------
/opt/airflow/dags/inference_dag.py                              1           0  0.55s           2026-06-21T20:13:29
/opt/airflow/dags/auto_retrain_dag.py                           1           0  0.29s           2026-06-21T20:13:19
/opt/airflow/dags/retrain_dag.py                                1           0  0.26s           2026-06-21T20:13:19
================================================================================
